d:\wkwang20171030z\mfcapplication3\debug\mfcapplication3.pch
d:\wkwang20171030z\mfcapplication3\debug\vc141.pdb
d:\wkwang20171030z\mfcapplication3\debug\vc141.idb
d:\wkwang20171030z\mfcapplication3\debug\stdafx.obj
d:\wkwang20171030z\mfcapplication3\debug\ccamcapture2.obj
d:\wkwang20171030z\mfcapplication3\debug\mfcapplication3.obj
d:\wkwang20171030z\mfcapplication3\debug\mfcapplication3dlg.obj
d:\wkwang20171030z\debug\mfcapplication3.ilk
d:\wkwang20171030z\debug\mfcapplication3.exe
d:\wkwang20171030z\debug\mfcapplication3.pdb
d:\wkwang20171030z\mfcapplication3\debug\mfcapplication3.res
d:\wkwang20171030z\mfcapplication3\debug\mfcapplication3.tlog\cl.command.1.tlog
d:\wkwang20171030z\mfcapplication3\debug\mfcapplication3.tlog\cl.read.1.tlog
d:\wkwang20171030z\mfcapplication3\debug\mfcapplication3.tlog\cl.write.1.tlog
d:\wkwang20171030z\mfcapplication3\debug\mfcapplication3.tlog\link.command.1.tlog
d:\wkwang20171030z\mfcapplication3\debug\mfcapplication3.tlog\link.read.1.tlog
d:\wkwang20171030z\mfcapplication3\debug\mfcapplication3.tlog\link.write.1.tlog
d:\wkwang20171030z\mfcapplication3\debug\mfcapplication3.tlog\rc.command.1.tlog
d:\wkwang20171030z\mfcapplication3\debug\mfcapplication3.tlog\rc.read.1.tlog
d:\wkwang20171030z\mfcapplication3\debug\mfcapplication3.tlog\rc.write.1.tlog
